<?xml version="1.0" encoding="UTF-8"?>
<!-- Generated by org.testng.reporters.JUnitReportReporter -->
<testsuite hostname="FWS-CHE-LT-2917.local" failures="0" tests="1" name="com.highlevel.demo.SampleTest" time="0.006" errors="1" timestamp="2022-06-27T20:26:37 IST" skipped="0">
  <testcase classname="com.highlevel.demo.SampleTest" name="Result" time="0.006">
    <error message="Unclosed character class near index 0
[
^" type="java.util.regex.PatternSyntaxException">
      <![CDATA[java.util.regex.PatternSyntaxException: Unclosed character class near index 0
[
^
at java.base/java.util.regex.Pattern.error(Pattern.java:2028)
at java.base/java.util.regex.Pattern.clazz(Pattern.java:2690)
at java.base/java.util.regex.Pattern.sequence(Pattern.java:2139)
at java.base/java.util.regex.Pattern.expr(Pattern.java:2069)
at java.base/java.util.regex.Pattern.compile(Pattern.java:1783)
at java.base/java.util.regex.Pattern.<init>(Pattern.java:1430)
at java.base/java.util.regex.Pattern.compile(Pattern.java:1069)
at java.base/java.lang.String.split(String.java:3150)
at java.base/java.lang.String.split(String.java:3196)
at com.highlevel.demo.SampleTest.Result(SampleTest.java:12)
at java.base/jdk.internal.reflect.NativeMethodAccessorImpl.invoke0(Native Method)
at java.base/jdk.internal.reflect.NativeMethodAccessorImpl.invoke(NativeMethodAccessorImpl.java:77)
at java.base/jdk.internal.reflect.DelegatingMethodAccessorImpl.invoke(DelegatingMethodAccessorImpl.java:43)
at java.base/java.lang.reflect.Method.invoke(Method.java:568)
at org.testng.internal.MethodInvocationHelper.invokeMethod(MethodInvocationHelper.java:133)
at org.testng.internal.TestInvoker.invokeMethod(TestInvoker.java:598)
at org.testng.internal.TestInvoker.invokeTestMethod(TestInvoker.java:173)
at org.testng.internal.MethodRunner.runInSequence(MethodRunner.java:46)
at org.testng.internal.TestInvoker$MethodInvocationAgent.invoke(TestInvoker.java:824)
at org.testng.internal.TestInvoker.invokeTestMethods(TestInvoker.java:146)
at org.testng.internal.TestMethodWorker.invokeTestMethods(TestMethodWorker.java:146)
at org.testng.internal.TestMethodWorker.run(TestMethodWorker.java:128)
at java.base/java.util.ArrayList.forEach(ArrayList.java:1511)
at org.testng.TestRunner.privateRun(TestRunner.java:794)
at org.testng.TestRunner.run(TestRunner.java:596)
at org.testng.SuiteRunner.runTest(SuiteRunner.java:377)
at org.testng.SuiteRunner.runSequentially(SuiteRunner.java:371)
at org.testng.SuiteRunner.privateRun(SuiteRunner.java:332)
at org.testng.SuiteRunner.run(SuiteRunner.java:276)
at org.testng.SuiteRunnerWorker.runSuite(SuiteRunnerWorker.java:53)
at org.testng.SuiteRunnerWorker.run(SuiteRunnerWorker.java:96)
at org.testng.TestNG.runSuitesSequentially(TestNG.java:1212)
at org.testng.TestNG.runSuitesLocally(TestNG.java:1134)
at org.testng.TestNG.runSuites(TestNG.java:1063)
at org.testng.TestNG.run(TestNG.java:1031)
at org.testng.remote.AbstractRemoteTestNG.run(AbstractRemoteTestNG.java:115)
at org.testng.remote.RemoteTestNG.initAndRun(RemoteTestNG.java:251)
at org.testng.remote.RemoteTestNG.main(RemoteTestNG.java:77)
]]>
    </error>
  </testcase> <!-- Result -->
  <system-out/>
</testsuite> <!-- com.highlevel.demo.SampleTest -->
